<?xml version="1.0" encoding="UTF-8"?>
<!-- Generated by org.testng.reporters.JUnitXMLReporter -->
<testsuite hostname="Udayvir" name="Default test" tests="5" failures="0" timestamp="26 Oct 2016 14:28:10 GMT" time="2.204" errors="0">
  <testcase name="recordATradeTest" time="1.928" classname="com.jpmorgan.stocks.simple.services.SimpleStockServicesFactoryTest"/>
  <testcase name="calculateDividendYieldTest" time="0.005" classname="com.jpmorgan.stocks.simple.services.SimpleStockServicesFactoryTest"/>
  <testcase name="calculatePERatioTest" time="0.006" classname="com.jpmorgan.stocks.simple.services.SimpleStockServicesFactoryTest"/>
  <testcase name="calculateStockPriceTest" time="0.062" classname="com.jpmorgan.stocks.simple.services.SimpleStockServicesFactoryTest"/>
  <testcase name="calculateGBCEAllShareIndexTest" time="0.101" classname="com.jpmorgan.stocks.simple.services.SimpleStockServicesFactoryTest"/>
</testsuite> <!-- Default test -->
